#
# A fatal error has been detected by the Java Runtime Environment:
#
#  Internal Error (safepoint.cpp:691), pid=7056, tid=8728
#  fatal error: Deadlock in safepoint code.  Should have called back to the VM before blocking.
#
# JRE version: Java(TM) SE Runtime Environment (8.0_31-b13) (build 1.8.0_31-b13)
# Java VM: Java HotSpot(TM) Client VM (25.31-b07 mixed mode windows-x86 )
# Failed to write core dump. Minidumps are not enabled by default on client versions of Windows
#
# If you would like to submit a bug report, please visit:
#   http://bugreport.java.com/bugreport/crash.jsp
#

---------------  T H R E A D  ---------------

Current thread (0x0c85d400):  JavaThread "Thread-0" [_thread_in_native_trans, id=8728, stack(0x03870000,0x03970000)]

Stack: [0x03870000,0x03970000],  sp=0x0396ec88,  free space=1019k
Native frames: (J=compiled Java code, j=interpreted, Vv=VM code, C=native code)
C  0x1e1d7b8b
C  0x1e1d09e6
C  0x1e196f85
C  0x1e1a783a
C  0x1e041831
C  0x1e109d9d
C  0x7a38bdce


---------------  P R O C E S S  ---------------

Java Threads: ( => current thread )
=>0x0c85d400 JavaThread "Thread-0" [_thread_in_native_trans, id=8728, stack(0x03870000,0x03970000)]
  0x2046f800 JavaThread "Service Thread" daemon [_thread_blocked, id=4604, stack(0x28240000,0x28340000)]
  0x2046c400 JavaThread "C1 CompilerThread0" daemon [_thread_blocked, id=1340, stack(0x28140000,0x28240000)]
  0x2046b400 JavaThread "Attach Listener" daemon [_thread_blocked, id=5460, stack(0x28040000,0x28140000)]
  0x20469400 JavaThread "Signal Dispatcher" daemon [_thread_blocked, id=3460, stack(0x20630000,0x20730000)]
  0x20433400 JavaThread "Finalizer" daemon [_thread_blocked, id=20224, stack(0x126f0000,0x127f0000)]
  0x20432400 JavaThread "Reference Handler" daemon [_thread_blocked, id=12632, stack(0x121d0000,0x122d0000)]

Other Threads:
  0x0b98c000 VMThread [stack: 0x0ca00000,0x0cb00000] [id=13840]
  0x2047b400 WatcherThread [stack: 0x30050000,0x30150000] [id=18128]

VM state:synchronizing (normal execution)

VM Mutex/Monitor currently owned by a thread:  ([mutex/lock_event])
[0x0c85b8b0] Threads_lock - owner thread: 0x0b98c000

Heap:
 def new generation   total 4928K, used 1787K [0x30200000, 0x30750000, 0x31ca0000)
  eden space 4416K,  40% used [0x30200000, 0x303beef8, 0x30650000)
  from space 512K,   0% used [0x30650000, 0x30650000, 0x306d0000)
  to   space 512K,   0% used [0x306d0000, 0x306d0000, 0x30750000)
 tenured generation   total 10944K, used 0K [0x31ca0000, 0x32750000, 0x35200000)
   the space 10944K,   0% used [0x31ca0000, 0x31ca0000, 0x31ca0200, 0x32750000)
 Metaspace       used 2018K, capacity 2434K, committed 2496K, reserved 4480K

Card table byte_map: [0x0ae20000,0x0ae50000] byte_map_base: 0x0ac9f000

Polling page: 0x0aa60000

CodeCache: size=32768Kb used=714Kb max_used=714Kb free=32053Kb
 bounds [0x2e050000, 0x2e108000, 0x30050000]
 total_blobs=168 nmethods=33 adapters=68
 compilation: enabled

Compilation events (10 events):
Event: 0.111 Thread 0x2046c400   29             java.lang.String::startsWith (72 bytes)
Event: 0.111 Thread 0x2046c400 nmethod 29 0x2e100908 code [0x2e100a10, 0x2e100b40]
Event: 0.114 Thread 0x2046c400   30             sun.net.www.ParseUtil::encodePath (336 bytes)
Event: 0.115 Thread 0x2046c400 nmethod 30 0x2e100c88 code [0x2e100e30, 0x2e1014d8]
Event: 0.116 Thread 0x2046c400   31             java.lang.String::length (6 bytes)
Event: 0.116 Thread 0x2046c400 nmethod 31 0x2e101b48 code [0x2e101c40, 0x2e101cd0]
Event: 0.121 Thread 0x2046c400   32             sun.misc.MetaIndex::mayContain (51 bytes)
Event: 0.122 Thread 0x2046c400 nmethod 32 0x2e101d48 code [0x2e101e70, 0x2e101fe8]
Event: 0.139 Thread 0x2046c400   33             java.util.Arrays::copyOfRange (63 bytes)
Event: 0.139 Thread 0x2046c400 nmethod 33 0x2e1021c8 code [0x2e102320, 0x2e1026b8]

GC Heap History (0 events):
No events

Deoptimization events (0 events):
No events

Internal exceptions (10 events):
Event: 0.128 Thread 0x0c85d400 Exception <a 'java/security/PrivilegedActionException'> (0x303766f8) thrown at [C:\re\workspace\8-2-build-windows-i586-cygwin\jdk8u31\2394\hotspot\src\share\vm\prims\jvm.cpp, line 1312]
Event: 0.139 Thread 0x0c85d400 Exception <a 'java/security/PrivilegedActionException'> (0x30383950) thrown at [C:\re\workspace\8-2-build-windows-i586-cygwin\jdk8u31\2394\hotspot\src\share\vm\prims\jvm.cpp, line 1312]
Event: 0.140 Thread 0x0c85d400 Exception <a 'java/security/PrivilegedActionException'> (0x30385b18) thrown at [C:\re\workspace\8-2-build-windows-i586-cygwin\jdk8u31\2394\hotspot\src\share\vm\prims\jvm.cpp, line 1312]
Event: 0.141 Thread 0x0c85d400 Exception <a 'java/security/PrivilegedActionException'> (0x3038a3c0) thrown at [C:\re\workspace\8-2-build-windows-i586-cygwin\jdk8u31\2394\hotspot\src\share\vm\prims\jvm.cpp, line 1312]
Event: 0.142 Thread 0x0c85d400 Exception <a 'java/security/PrivilegedActionException'> (0x3038d328) thrown at [C:\re\workspace\8-2-build-windows-i586-cygwin\jdk8u31\2394\hotspot\src\share\vm\prims\jvm.cpp, line 1312]
Event: 0.142 Thread 0x0c85d400 Exception <a 'java/security/PrivilegedActionException'> (0x3038fec8) thrown at [C:\re\workspace\8-2-build-windows-i586-cygwin\jdk8u31\2394\hotspot\src\share\vm\prims\jvm.cpp, line 1312]
Event: 0.149 Thread 0x0c85d400 Exception <a 'java/io/IOException'> (0x303937e0) thrown at [C:\re\workspace\8-2-build-windows-i586-cygwin\jdk8u31\2394\hotspot\src\share\vm\prims\jni.cpp, line 716]
Event: 0.149 Thread 0x0c85d400 Exception <a 'java/io/IOException'> (0x30393a70) thrown at [C:\re\workspace\8-2-build-windows-i586-cygwin\jdk8u31\2394\hotspot\src\share\vm\prims\jni.cpp, line 716]
Event: 0.149 Thread 0x0c85d400 Exception <a 'java/io/IOException'> (0x30393c68) thrown at [C:\re\workspace\8-2-build-windows-i586-cygwin\jdk8u31\2394\hotspot\src\share\vm\prims\jni.cpp, line 716]
Event: 0.156 Thread 0x0c85d400 Exception <a 'java/lang/ArrayIndexOutOfBoundsException': 0> (0x303a8fa0) thrown at [C:\re\workspace\8-2-build-windows-i586-cygwin\jdk8u31\2394\hotspot\src\share\vm\interpreter\interpreterRuntime.cpp, line 366]

Events (10 events):
Event: 0.144 loading class java/lang/ClassLoaderHelper
Event: 0.144 loading class java/lang/ClassLoaderHelper done
Event: 0.149 loading class java/io/InterruptedIOException
Event: 0.149 loading class java/io/InterruptedIOException done
Event: 0.154 Thread 0x0c85d400 Thread exited: 0x0c85d400
Event: 0.156 Thread 0x0c85d400 Thread added: 0x0c85d400
Event: 0.156 loading class java/lang/ArrayIndexOutOfBoundsException
Event: 0.156 loading class java/lang/IndexOutOfBoundsException
Event: 0.156 loading class java/lang/IndexOutOfBoundsException done
Event: 0.156 loading class java/lang/ArrayIndexOutOfBoundsException done


Dynamic libraries:
0x001c0000 - 0x035e0000 	C:\Program Files (x86)\National Instruments\LabVIEW 2024\LabVIEW.exe
0x77160000 - 0x77304000 	C:\Windows\SYSTEM32\ntdll.dll
0x757f0000 - 0x758e0000 	C:\Windows\System32\KERNEL32.DLL
0x76bf0000 - 0x76e2f000 	C:\Windows\System32\KERNELBASE.dll
0x74f40000 - 0x74fd4000 	C:\ProgramData\Symantec\Symantec Endpoint Protection\14.3.10148.8000.105\Data\Sysfer\x86\sysfer.dll
0x76b70000 - 0x76bee000 	C:\Windows\System32\ADVAPI32.dll
0x75370000 - 0x7542f000 	C:\Windows\System32\msvcrt.dll
0x75d80000 - 0x75df8000 	C:\Windows\System32\sechost.dll
0x75470000 - 0x7552c000 	C:\Windows\System32\RPCRT4.dll
0x6d5b0000 - 0x6d618000 	C:\Windows\SYSTEM32\nierInterface.dll
0x6c9f0000 - 0x6c9f8000 	C:\Windows\SYSTEM32\WSOCK32.dll
0x76b50000 - 0x76b69000 	C:\Windows\System32\bcrypt.dll
0x75b30000 - 0x75b93000 	C:\Windows\System32\WS2_32.dll
0x76080000 - 0x7665a000 	C:\Windows\System32\SHELL32.dll
0x750f0000 - 0x7516b000 	C:\Windows\System32\msvcp_win.dll
0x77030000 - 0x77150000 	C:\Windows\System32\ucrtbase.dll
0x75530000 - 0x756cd000 	C:\Windows\System32\USER32.dll
0x76e50000 - 0x76e68000 	C:\Windows\System32\win32u.dll
0x756d0000 - 0x756f3000 	C:\Windows\System32\GDI32.dll
0x758e0000 - 0x759c3000 	C:\Windows\System32\ole32.dll
0x75170000 - 0x75255000 	C:\Windows\System32\gdi32full.dll
0x75e00000 - 0x76080000 	C:\Windows\System32\combase.dll
0x75050000 - 0x750e6000 	C:\Windows\System32\OLEAUT32.dll
0x76660000 - 0x7670f000 	C:\Windows\System32\COMDLG32.dll
0x752e0000 - 0x75367000 	C:\Windows\System32\shcore.dll
0x6e340000 - 0x6e368000 	C:\Windows\SYSTEM32\WINMM.dll
0x75290000 - 0x752d5000 	C:\Windows\System32\SHLWAPI.dll
0x6d6a0000 - 0x6d8b0000 	C:\Windows\WinSxS\x86_microsoft.windows.common-controls_6595b64144ccf1df_6.0.19041.4355_none_a865f0c28672571c\COMCTL32.dll
0x75260000 - 0x75285000 	C:\Windows\System32\IMM32.dll
0x6e300000 - 0x6e308000 	C:\Windows\SYSTEM32\VERSION.dll
0x6e0f0000 - 0x6e15d000 	C:\Windows\SYSTEM32\MSVCP140.dll
0x68660000 - 0x686dd000 	C:\Windows\SYSTEM32\WINSPOOL.DRV
0x6e2c0000 - 0x6e2f2000 	C:\Windows\SYSTEM32\IPHLPAPI.DLL
0x6e320000 - 0x6e335000 	C:\Windows\SYSTEM32\VCRUNTIME140.dll
0x684f0000 - 0x68657000 	C:\Windows\WinSxS\x86_microsoft.windows.gdiplus_6595b64144ccf1df_1.1.19041.4597_none_d954b6f7e1016a2a\gdiplus.dll
0x51860000 - 0x51923000 	C:\Program Files (x86)\National Instruments\LabVIEW 2024\resource\mgcore_SH_24_1.dll
0x58540000 - 0x58578000 	C:\Program Files (x86)\National Instruments\LabVIEW 2024\resource\niCPULib.dll
0x516f0000 - 0x51856000 	C:\Program Files (x86)\National Instruments\LabVIEW 2024\resource\tdcore_24_1.dll
0x51440000 - 0x516ec000 	C:\Program Files (x86)\National Instruments\LabVIEW 2024\resource\dfir_24_1.dll
0x6d8b0000 - 0x6dec8000 	C:\Windows\SYSTEM32\windows.storage.dll
0x6cff0000 - 0x6d015000 	C:\Windows\SYSTEM32\Wldp.dll
0x74fe0000 - 0x7503f000 	C:\Windows\System32\bcryptPrimitives.dll
0x6ccf0000 - 0x6ccff000 	C:\Windows\SYSTEM32\kernel.appcore.dll
0x6d620000 - 0x6d694000 	C:\Windows\system32\uxtheme.dll
0x75a50000 - 0x75b24000 	C:\Windows\System32\MSCTF.dll
0x697c0000 - 0x697c8000 	C:\Windows\system32\IconCodecService.dll
0x68370000 - 0x684e1000 	C:\Windows\SYSTEM32\WindowsCodecs.dll
0x759d0000 - 0x75a4e000 	C:\Windows\System32\clbcatq.dll
0x68130000 - 0x68308000 	C:\Windows\system32\explorerframe.dll
0x67c10000 - 0x68125000 	C:\Windows\system32\d2d1.dll
0x6d580000 - 0x6d5a1000 	C:\Windows\SYSTEM32\SspiCli.dll
0x67b10000 - 0x67b92000 	C:\Program Files (x86)\National Instruments\Shared\License Manager\NationalInstruments.LicenseManagement.Interop.dll
0x67ab0000 - 0x67b02000 	C:\Windows\SYSTEM32\mscoree.dll
0x67a20000 - 0x67aad000 	C:\Windows\Microsoft.NET\Framework\v4.0.30319\mscoreei.dll
0x6b310000 - 0x6b323000 	C:\Windows\SYSTEM32\CRYPTSP.dll
0x6b2e0000 - 0x6b30f000 	C:\Windows\system32\rsaenh.dll
0x6b2d0000 - 0x6b2da000 	C:\Windows\SYSTEM32\CRYPTBASE.dll
0x671d0000 - 0x67a19000 	C:\Windows\Microsoft.NET\Framework\v4.0.30319\clr.dll
0x67bf0000 - 0x67c04000 	C:\Windows\SYSTEM32\VCRUNTIME140_CLR0400.dll
0x67120000 - 0x671cb000 	C:\Windows\SYSTEM32\ucrtbase_clr0400.dll
0x65cc0000 - 0x67115000 	C:\Windows\assembly\NativeImages_v4.0.30319_32\mscorlib\de312580a579d2d0d7e58158f31f0724\mscorlib.ni.dll
0x58640000 - 0x586f9000 	C:\Windows\SYSTEM32\textinputframework.dll
0x585a0000 - 0x5863b000 	C:\Windows\SYSTEM32\CoreMessaging.dll
0x51fe0000 - 0x5225f000 	C:\Windows\SYSTEM32\CoreUIComponents.dll
0x6e1c0000 - 0x6e1e9000 	C:\Windows\SYSTEM32\ntmarta.dll
0x5de70000 - 0x5df4d000 	C:\Windows\SYSTEM32\wintypes.dll
0x5fd10000 - 0x5fda3000 	C:\Windows\SYSTEM32\mscms.dll
0x6df10000 - 0x6df35000 	C:\Windows\SYSTEM32\USERENV.dll
0x5fd00000 - 0x5fd0c000 	C:\Windows\SYSTEM32\ColorAdapterClient.dll
0x5fcc0000 - 0x5fcff000 	C:\Windows\SYSTEM32\icm32.dll
0x6e160000 - 0x6e166000 	C:\Windows\SYSTEM32\MSIMG32.dll
0x65a50000 - 0x65ada000 	C:\Windows\Microsoft.NET\Framework\v4.0.30319\clrjit.dll
0x64ff0000 - 0x65a48000 	C:\Windows\assembly\NativeImages_v4.0.30319_32\System\8c3213960b1442be885a9af84b35d93d\System.ni.dll
0x64870000 - 0x64fe5000 	C:\Windows\assembly\NativeImages_v4.0.30319_32\System.Xml\72e9fd6f71ad368d1cdcabf194704b54\System.Xml.ni.dll
0x64590000 - 0x64864000 	C:\Windows\assembly\NativeImages_v4.0.30319_32\System.Runteb92aa12#\00c493805418944b7fe2c67312432bb9\System.Runtime.Serialization.ni.dll
0x67bc0000 - 0x67be0000 	C:\Windows\assembly\NativeImages_v4.0.30319_32\SMDiagnostics\f47388b19a894a9da7f1f8ac2612b50b\SMDiagnostics.ni.dll
0x644c0000 - 0x6458c000 	C:\Windows\assembly\NativeImages_v4.0.30319_32\System.Servd1dec626#\2d13737f26a5f2a417597f95fc828eaf\System.ServiceModel.Internals.ni.dll
0x63ca0000 - 0x644b7000 	C:\Windows\assembly\NativeImages_v4.0.30319_32\System.Core\ae66f7e3794b746c28ae2c1e2eeb16e4\System.Core.ni.dll
0x63a90000 - 0x63b96000 	C:\Windows\assembly\NativeImages_v4.0.30319_32\System.Configuration\d9bd4d3641cac101b745e26e6889f26c\System.Configuration.ni.dll
0x6c780000 - 0x6c79b000 	C:\Windows\SYSTEM32\profapi.dll
0x6c720000 - 0x6c772000 	C:\Windows\system32\mswsock.dll
0x6c5a0000 - 0x6c630000 	C:\Windows\SYSTEM32\DNSAPI.dll
0x75d70000 - 0x75d77000 	C:\Windows\System32\NSI.dll
0x6c580000 - 0x6c589000 	C:\Program Files (x86)\National Instruments\Shared\mDNS Responder\nimdnsNSP.dll
0x6c570000 - 0x6c57e000 	C:\Windows\SYSTEM32\nimdnsResponder.dll
0x6c500000 - 0x6c508000 	C:\Windows\System32\rasadhlp.dll
0x6c510000 - 0x6c568000 	C:\Windows\System32\fwpuclnt.dll
0x63740000 - 0x639b2000 	C:\Program Files (x86)\National Instruments\Shared\License Manager\NationalInstruments.LicenseManagement.Core.dll
0x76ee0000 - 0x76fde000 	C:\Windows\System32\CRYPT32.dll
0x76fe0000 - 0x7702d000 	C:\Windows\System32\WINTRUST.dll
0x74f20000 - 0x74f34000 	C:\Windows\SYSTEM32\NETAPI32.dll
0x6c120000 - 0x6c136000 	C:\Windows\SYSTEM32\dhcpcsvc.DLL
0x6cc10000 - 0x6cc1e000 	C:\Windows\System32\MSASN1.dll
0x63350000 - 0x6345c000 	C:\Program Files (x86)\National Instruments\Shared\License Manager\NationalInstruments.LicenseManagement.Core.Background.dll
0x0b200000 - 0x0b203000 	C:\Windows\SYSTEM32\icmp.Dll
0x6c700000 - 0x6c711000 	C:\Windows\system32\napinsp.dll
0x6c6e0000 - 0x6c6f6000 	C:\Windows\system32\pnrpnsp.dll
0x6c6d0000 - 0x6c6e0000 	C:\Windows\system32\wshbth.dll
0x6c630000 - 0x6c646000 	C:\Windows\system32\NLAapi.dll
0x6c590000 - 0x6c59e000 	C:\Windows\System32\winrnr.dll
0x6c2e0000 - 0x6c2f4000 	C:\Windows\SYSTEM32\dhcpcsvc6.DLL
0x63220000 - 0x63350000 	C:\Windows\assembly\NativeImages_v4.0.30319_32\System.Management\7bd030f3d3b2a1e3ded92d7b0ff4fedb\System.Management.ni.dll
0x63a70000 - 0x63a8d000 	C:\Windows\system32\wbem\wmiutils.dll
0x631b0000 - 0x63220000 	C:\Windows\SYSTEM32\wbemcomn.dll
0x63a60000 - 0x63a6d000 	C:\Windows\system32\wbem\wbemprox.dll
0x63080000 - 0x630a1000 	C:\Windows\Microsoft.NET\Framework\v4.0.30319\wminet_utils.dll
0x63a50000 - 0x63a60000 	C:\Windows\system32\wbem\wbemsvc.dll
0x62f50000 - 0x6301a000 	C:\Windows\system32\wbem\fastprox.dll
0x62f30000 - 0x62f48000 	C:\Windows\SYSTEM32\amsi.dll
0x62e80000 - 0x62f30000 	C:\Program Files\Symantec\Symantec Endpoint Protection\14.3.10148.8000.105\bin\symamsi.dll
0x62300000 - 0x62365000 	C:\Windows\assembly\NativeImages_v4.0.30319_32\System.Xml.Linq\a3449ec65a01c2891493f5af81293e5a\System.Xml.Linq.ni.dll
0x62150000 - 0x622f3000 	C:\Windows\assembly\NativeImages_v4.0.30319_32\System.Drawing\8764cf6e2708b6c810103f63a4b60b9b\System.Drawing.ni.dll
0x62100000 - 0x62112000 	C:\Program Files (x86)\National Instruments\Shared\License Manager\Bin\nilm_Multisim_140300.dll
0x62090000 - 0x620fb000 	C:\Program Files (x86)\National Instruments\Shared\License Manager\Bin\nilm_NIOPCServers_160000.dll
0x62070000 - 0x62086000 	C:\Program Files (x86)\National Instruments\Shared\License Manager\Bin\nilm_Ultiboard_140300.dll
0x76ed0000 - 0x76ed6000 	C:\Windows\System32\psapi.dll
0x6ac80000 - 0x6ac8d000 	C:\Program Files (x86)\National Instruments\Shared\License Manager\Slcp\Win32\nislcplib.dll
0x50fe0000 - 0x51436000 	C:\Program Files (x86)\National Instruments\Shared\SLCP\nislcpcore.dll
0x584d0000 - 0x5850e000 	C:\Windows\SYSTEM32\CONCRT140.dll
0x6df60000 - 0x6e0e8000 	C:\Windows\SYSTEM32\dbghelp.dll
0x50f00000 - 0x50fd8000 	C:\Windows\assembly\NativeImages_v4.0.30319_32\System.Security\2f53f65aa007f444d8ad74d8569a66a5\System.Security.ni.dll
0x6ae00000 - 0x6ae08000 	C:\Windows\System32\DPAPI.dll
0x50120000 - 0x50ef2000 	C:\Windows\assembly\NativeImages_v4.0.30319_32\System.Web\56a9f4ff48a31b8c5ef6646132a2b9dd\System.Web.ni.dll
0x50090000 - 0x5011d000 	C:\Windows\Microsoft.NET\Framework\v4.0.30319\webengine4.dll
0x698b0000 - 0x698ce000 	C:\Program Files (x86)\National Instruments\Shared\nissl\nisslinit.dll
0x6b380000 - 0x6b39d000 	C:\Program Files (x86)\National Instruments\Shared\TraceEngine\ni_traceengine.dll
0x61f50000 - 0x6206a000 	C:\Program Files (x86)\National Instruments\Shared\nissl\NIlibeay32.dll
0x63160000 - 0x631a9000 	C:\Program Files (x86)\National Instruments\Shared\nissl\NIssleay32.dll

VM Arguments:
jvm_args: -Djava.library.path=C:\Program Files (x86)\Ocean Optics\OmniDriver\OOI_HOME -Xmx80m 
java_command: <unknown>
java_class_path (initial): C:\Program Files (x86)\Ocean Optics\OmniDriver\OOI_HOME/OmniDriver.jar;C:\Program Files (x86)\Ocean Optics\OmniDriver\OOI_HOME/SPAM.jar
Launcher Type: generic

Environment Variables:
PATH=C:\Program Files (x86)\Ocean Optics\OmniDriver\OOI_HOME;C:\Ocean-Optics 32b\OOI_HOME;C:\Program Files\National Instruments\Shared\OpenVINO\;C:\Ruby30-x64\bin;C:\Windows\system32;C:\Windows;C:\Windows\System32\Wbem;C:\Windows\System32\WindowsPowerShell\v1.0\;C:\Windows\System32\OpenSSH\;C:\Program Files (x86)\IVI Foundation\VISA\WinNT\Bin\;C:\Program Files\IVI Foundation\VISA\Win64\Bin\;C:\Program Files (x86)\IVI Foundation\VISA\WinNT\Bin;C:\Program Files\TortoiseSVN\bin;C:\Program Files\Pandoc\;C:\Program Files (x86)\HP\Common\HPDestPlgIn\;C:\Program Files (x86)\HP\IdrsOCR_15.4.1132.0\;C:\Program Files\Git\cmd;C:\Program Files\dotnet\;C:\Program Files (x86)\IVI Foundation\IVI\Bin\;C:\Program Files\IVI Foundation\IVI\Bin\;C:\Program Files (x86)\Microsoft SQL Server\80\Tools\Binn\;C:\Program Files (x86)\Microsoft SQL Server\Client SDK\ODBC\110\Tools\Binn\;C:\Program Files (x86)\Microsoft SQL Server\120\Tools\Binn\;C:\Program Files (x86)\Microsoft SQL Server\120\DTS\Binn\;C:\Program Files (x86)\National Instruments\Shared\LabVIEW CLI;C:\Program Files\PuTTY\;C:\Users\flepetit\AppData\Local\Microsoft\WindowsApps;C:\Program Files (x86)\HP\Common\HPDestPlgIn\;C:\Users\flepetit\AppData\Local\Programs\Microsoft VS Code\bin;C:\Program Files (x86)\National Instruments\LabVIEW 2024\resource;C:\Program Files (x86)\Ocean Optics\OmniDriver\OOI_HOME\..\_jvm\bin;C:\Program Files (x86)\Ocean Optics\OmniDriver\OOI_HOME\..\_jvm\bin\client;C:\Program Files (x86)\Ocean Optics\OmniDriver\OOI_HOME\..\_jvm\bin\server
USERNAME=flepetit
OS=Windows_NT
PROCESSOR_IDENTIFIER=Intel64 Family 6 Model 166 Stepping 0, GenuineIntel



---------------  S Y S T E M  ---------------

OS: Windows NT 10.0 , 64 bit Build 19045 

CPU:total 12 (6 cores per cpu, 2 threads per core) family 6 model 166 stepping 0, cmov, cx8, fxsr, mmx, sse, sse2, sse3, ssse3, sse4.1, sse4.2, popcnt, avx, avx2, aes, clmul, erms, lzcnt, ht, tsc, tscinvbit, bmi1, bmi2

Memory: 4k page, physical 33145328k(25884324k free), swap 38126064k(31319760k free)

vm_info: Java HotSpot(TM) Client VM (25.31-b07) for windows-x86 JRE (1.8.0_31-b13), built on Dec 17 2014 20:46:12 by "java_re" with MS VC++ 10.0 (VS2010)

time: Thu Oct 31 23:21:51 2024
elapsed time: 139 seconds (0d 0h 2m 19s)

